e:\visual studio 2015\rpg_game_d2d\rpg_game_d2d\debug\vc140.pdb
e:\visual studio 2015\rpg_game_d2d\rpg_game_d2d\debug\teleporter.obj
e:\visual studio 2015\rpg_game_d2d\rpg_game_d2d\debug\task.obj
e:\visual studio 2015\rpg_game_d2d\rpg_game_d2d\debug\shop.obj
e:\visual studio 2015\rpg_game_d2d\rpg_game_d2d\debug\save.obj
e:\visual studio 2015\rpg_game_d2d\rpg_game_d2d\debug\player.obj
e:\visual studio 2015\rpg_game_d2d\rpg_game_d2d\debug\panel.obj
e:\visual studio 2015\rpg_game_d2d\rpg_game_d2d\debug\npc.obj
e:\visual studio 2015\rpg_game_d2d\rpg_game_d2d\debug\map.obj
e:\visual studio 2015\rpg_game_d2d\rpg_game_d2d\debug\main.obj
e:\visual studio 2015\rpg_game_d2d\rpg_game_d2d\debug\item_skill.obj
e:\visual studio 2015\rpg_game_d2d\rpg_game_d2d\debug\fightnpc.obj
e:\visual studio 2015\rpg_game_d2d\rpg_game_d2d\debug\fight.obj
e:\visual studio 2015\rpg_game_d2d\rpg_game_d2d\debug\evennpc.obj
e:\visual studio 2015\rpg_game_d2d\rpg_game_d2d\debug\enemy.obj
e:\visual studio 2015\rpg_game_d2d\rpg_game_d2d\debug\astar.obj
e:\visual studio 2015\rpg_game_d2d\rpg_game_d2d\debug\animation.obj
e:\visual studio 2015\rpg_game_d2d\rpg_game_d2d\debug\rpg_game_d2d.tlog\cl.command.1.tlog
e:\visual studio 2015\rpg_game_d2d\rpg_game_d2d\debug\rpg_game_d2d.tlog\cl.read.1.tlog
e:\visual studio 2015\rpg_game_d2d\rpg_game_d2d\debug\rpg_game_d2d.tlog\cl.write.1.tlog
e:\visual studio 2015\rpg_game_d2d\rpg_game_d2d\debug\rpg_game_d2d.tlog\metagen.write.1.tlog
